<?xml version="1.0" encoding="UTF-8"?>
<!-- Generated by org.testng.reporters.JUnitReportReporter -->
<testsuite hostname="xindeMacBook.local" name="com.ihuoli.SimpleTest" tests="1" failures="0" timestamp="14 Sep 2017 04:56:49 GMT" time="7.631" errors="0">
  <testcase name="level1" time="7.631" classname="com.ihuoli.SimpleTest"/>
</testsuite> <!-- com.ihuoli.SimpleTest -->
